<?xml version="1.0" encoding="UTF-8" ?>
<testsuite errors="0" failures="1" hostname="Atlantia.local" name="com.flatironschool.javacs.MyTreeMapTest" skipped="0" tests="11" time="0.171" timestamp="2016-07-03T16:59:11">
  <properties>
[...]
</properties>
  <testcase classname="com.flatironschool.javacs.MyTreeMapTest" name="testGet" time="0.007" />
  <testcase classname="com.flatironschool.javacs.MyTreeMapTest" name="testPut" time="0.001" />
  <testcase classname="com.flatironschool.javacs.MyTreeMapTest" name="testClear" time="0.0" />
  <testcase classname="com.flatironschool.javacs.MyTreeMapTest" name="testSize" time="0.0" />
  <testcase classname="com.flatironschool.javacs.MyTreeMapTest" name="testContainsKey" time="0.001" />
  <testcase classname="com.flatironschool.javacs.MyTreeMapTest" name="testContainsValue" time="0.001" />
  <testcase classname="com.flatironschool.javacs.MyTreeMapTest" name="testKeySet" time="0.006">
    <failure message="&#xa;Expected: is &lt;9&gt;&#xa;     but: was &lt;0&gt;" type="junit.framework.AssertionFailedError">junit.framework.AssertionFailedError: 
Expected: is &lt;9&gt;
     but: was &lt;0&gt;
	at org.hamcrest.MatcherAssert.assertThat(MatcherAssert.java:20)
	at com.flatironschool.javacs.MyTreeMapTest.testKeySet(MyTreeMapTest.java:121)
</failure>
  </testcase>
  <testcase classname="com.flatironschool.javacs.MyTreeMapTest" name="testPutAll" time="0.001" />
  <testcase classname="com.flatironschool.javacs.MyTreeMapTest" name="testIsEmpty" time="0.0" />
  <testcase classname="com.flatironschool.javacs.MyTreeMapTest" name="testRemove" time="0.001" />
  <testcase classname="com.flatironschool.javacs.MyTreeMapTest" name="testValues" time="0.0" />
  <system-out><![CDATA[putHelper called for node: 06,66
Is this node already here? com.flatironschool.javacs.MyTreeMap$Node@76ccd017
Comparing: 08 to: 06
Going right.
Comparing: 03 to: 06
putHelper called for node: 05,5
Is this node already here? null
Comparing: 08 to: 05
Going right.
Comparing: 03 to: 05
Going left.
Comparing: 06 to: 05
Hit base case!
Size is now: 10
putHelper called for node: 12,12
Is this node already here? null
Comparing: 08 to: 12
Going left.
Comparing: 10 to: 12
Going left.
Comparing: 14 to: 12
Going right.
Comparing: 13 to: 12
Hit base case!
Size is now: 10
putHelper called for node: 02,2
Is this node already here? null
Comparing: 08 to: 02
Going right.
Comparing: 03 to: 02
Going right.
Comparing: 01 to: 02
Hit base case!
Size is now: 11
putHelper called for node: 05,5
Is this node already here? null
Comparing: 08 to: 05
Going right.
Comparing: 03 to: 05
Going left.
Comparing: 06 to: 05
Going right.
Comparing: 04 to: 05
Hit base case!
Size is now: 12
]]></system-out>
  <system-err><![CDATA[]]></system-err>
</testsuite>
